[0m14:25:47.335683 [debug] [MainThread]: Sending event: {'category': 'dbt', 'action': 'invocation', 'label': 'start', 'context': [<snowplow_tracker.self_describing_json.SelfDescribingJson object at 0x106649210>, <snowplow_tracker.self_describing_json.SelfDescribingJson object at 0x106356690>, <snowplow_tracker.self_describing_json.SelfDescribingJson object at 0x106919150>]}


============================== 14:25:47.341735 | e1abe6c0-5647-4291-9763-23c007719462 ==============================
[0m14:25:47.341735 [info ] [MainThread]: Running with dbt=1.5.2
[0m14:25:47.342357 [debug] [MainThread]: running dbt with arguments {'printer_width': '80', 'indirect_selection': 'eager', 'write_json': 'True', 'log_cache_events': 'False', 'partial_parse': 'True', 'cache_selected_only': 'False', 'profiles_dir': '/Users/phanee/.dbt', 'version_check': 'True', 'warn_error': 'None', 'log_path': 'logs', 'debug': 'False', 'fail_fast': 'False', 'use_colors': 'True', 'use_experimental_parser': 'False', 'no_print': 'None', 'quiet': 'False', 'warn_error_options': 'WarnErrorOptions(include=[], exclude=[])', 'introspect': 'True', 'log_format': 'default', 'static_parser': 'True', 'target_path': 'None', 'send_anonymous_usage_stats': 'True'}
[0m14:25:47.343476 [debug] [MainThread]: Starter project path: /usr/local/lib/python3.11/site-packages/dbt/include/starter_project
[0m14:36:27.644331 [info ] [MainThread]: Profile dbt_exp written to /Users/phanee/.dbt/profiles.yml using target's profile_template.yml and your supplied values. Run 'dbt debug' to validate the connection.
[0m14:36:27.645118 [info ] [MainThread]: 
Your new dbt project "dbt_exp" was created!

For more information on how to configure the profiles.yml file,
please consult the dbt documentation here:

  https://docs.getdbt.com/docs/configure-your-profile

One more thing:

Need help? Don't hesitate to reach out to us via GitHub issues or on Slack:

  https://community.getdbt.com/

Happy modeling!

[0m14:36:27.646001 [debug] [MainThread]: Command `dbt init` succeeded at 14:36:27.645811 after 640.31 seconds
[0m14:36:27.646550 [debug] [MainThread]: Sending event: {'category': 'dbt', 'action': 'invocation', 'label': 'end', 'context': [<snowplow_tracker.self_describing_json.SelfDescribingJson object at 0x1066f3fd0>, <snowplow_tracker.self_describing_json.SelfDescribingJson object at 0x102ab1c10>, <snowplow_tracker.self_describing_json.SelfDescribingJson object at 0x106337950>]}
[0m14:36:27.647171 [debug] [MainThread]: Flushing usage events
[0m14:36:35.934266 [debug] [MainThread]: Sending event: {'category': 'dbt', 'action': 'invocation', 'label': 'start', 'context': [<snowplow_tracker.self_describing_json.SelfDescribingJson object at 0x112db4550>, <snowplow_tracker.self_describing_json.SelfDescribingJson object at 0x112ac6d50>, <snowplow_tracker.self_describing_json.SelfDescribingJson object at 0x111752e90>]}


============================== 14:36:35.940237 | c01442c7-a5f4-44dc-ab4f-6f76a7d75f8d ==============================
[0m14:36:35.940237 [info ] [MainThread]: Running with dbt=1.5.2
[0m14:36:35.940901 [debug] [MainThread]: running dbt with arguments {'printer_width': '80', 'indirect_selection': 'eager', 'write_json': 'True', 'log_cache_events': 'False', 'partial_parse': 'True', 'cache_selected_only': 'False', 'warn_error': 'None', 'version_check': 'True', 'fail_fast': 'False', 'log_path': 'logs', 'profiles_dir': '/Users/phanee/.dbt', 'debug': 'False', 'use_colors': 'True', 'use_experimental_parser': 'False', 'no_print': 'None', 'quiet': 'False', 'log_format': 'default', 'static_parser': 'True', 'warn_error_options': 'WarnErrorOptions(include=[], exclude=[])', 'introspect': 'True', 'target_path': 'None', 'send_anonymous_usage_stats': 'True'}
[0m14:36:35.942067 [info ] [MainThread]: A project called dbt_exp already exists here.
[0m14:36:35.942748 [debug] [MainThread]: Command `dbt init` succeeded at 14:36:35.942589 after 0.03 seconds
[0m14:36:35.943135 [debug] [MainThread]: Sending event: {'category': 'dbt', 'action': 'invocation', 'label': 'end', 'context': [<snowplow_tracker.self_describing_json.SelfDescribingJson object at 0x112d17f50>, <snowplow_tracker.self_describing_json.SelfDescribingJson object at 0x10f54ab10>, <snowplow_tracker.self_describing_json.SelfDescribingJson object at 0x10f54aa50>]}
[0m14:36:35.943563 [debug] [MainThread]: Flushing usage events
